<?xml version="1.0" encoding="UTF-8"?>
<!-- Generated by org.testng.reporters.JUnitXMLReporter -->
<testsuite ignored="3" hostname="DESKTOP-8PPIFBR" failures="0" tests="1" name="Default test" time="42.468" errors="0" timestamp="2022-03-21T12:27:29 EDT">
  <testcase classname="testcases.LogintestNG" name="Loginfailure" time="21.598"/>
  <testcase classname="testcases.LogintestNG" name="ExternalDataTest" time="0.0">
    <ignored/>
  </testcase> <!-- ExternalDataTest -->
  <testcase classname="testcases.LogintestNG" name="ParameterizedTest" time="0.0">
    <ignored/>
  </testcase> <!-- ParameterizedTest -->
  <testcase classname="testcases.LogintestNG" name="LoginSuscessTest" time="0.0">
    <ignored/>
  </testcase> <!-- LoginSuscessTest -->
</testsuite> <!-- Default test -->
