<?xml version="1.0" encoding="UTF-8"?>
<!-- Generated by org.testng.reporters.JUnitXMLReporter -->
<testsuite hostname="DESKTOP-8PPIFBR" ignored="0" name="Test" tests="4" failures="0" timestamp="25 Mar 2022 02:25:09 GMT" time="165.846" errors="0">
  <testcase name="ExternalDataTest" time="36.191" classname="testcases.LogintestNG"/>
  <testcase name="LoginSuscessTest" time="15.334" classname="testcases.LogintestNG"/>
  <testcase name="Loginfailure" time="17.386" classname="testcases.LogintestNG"/>
  <testcase name="ParameterizedTest" time="13.31" classname="testcases.LogintestNG"/>
</testsuite> <!-- Test -->
